2018-05-28 09:25:53,243 +0530 [main] INFO  (StartApplication.java:17) - main() method started.
2018-05-28 09:25:53,248 +0530 [main] INFO  (MovieBookingSystemMenu.java:26) - Entering in getMenu() method .Application Entry point.
2018-05-28 09:26:18,975 +0530 [main] INFO  (StartApplication.java:17) - main() method started.
2018-05-28 09:26:18,980 +0530 [main] INFO  (MovieBookingSystemMenu.java:26) - Entering in getMenu() method .Application Entry point.
2018-05-28 09:26:31,829 +0530 [main] INFO  (StartApplication.java:17) - main() method started.
2018-05-28 09:26:31,835 +0530 [main] INFO  (MovieBookingSystemMenu.java:26) - Entering in getMenu() method .Application Entry point.
2018-05-28 09:29:10,261 +0530 [main] INFO  (StartApplication.java:17) - main() method started.
2018-05-28 09:29:10,266 +0530 [main] INFO  (MovieBookingSystemMenu.java:26) - Entering in getMenu() method .Application Entry point.
2018-05-28 09:30:20,596 +0530 [main] INFO  (StartApplication.java:17) - main() method started.
2018-05-28 09:30:20,603 +0530 [main] INFO  (MovieBookingSystemMenu.java:26) - Entering in getMenu() method .Application Entry point.
2018-05-28 09:30:29,838 +0530 [main] INFO  (StartApplication.java:17) - main() method started.
2018-05-28 09:30:36,772 +0530 [main] INFO  (MovieBookingSystemMenu.java:26) - Entering in getMenu() method .Application Entry point.
2018-05-28 09:31:52,697 +0530 [main] INFO  (StartApplication.java:17) - main() method started.
2018-05-28 09:31:52,704 +0530 [main] INFO  (MovieBookingSystemMenu.java:26) - Entering in getMenu() method .Application Entry point.
2018-05-28 09:32:09,483 +0530 [main] INFO  (StartApplication.java:17) - main() method started.
2018-05-28 09:32:11,766 +0530 [main] INFO  (MovieBookingSystemMenu.java:26) - Entering in getMenu() method .Application Entry point.
2018-05-28 09:34:21,149 +0530 [main] INFO  (StartApplication.java:17) - main() method started.
2018-05-28 09:34:21,157 +0530 [main] INFO  (MovieBookingSystemMenu.java:26) - Entering in getMenu() method .Application Entry point.
2018-05-28 09:34:52,490 +0530 [main] INFO  (StartApplication.java:17) - main() method started.
2018-05-28 09:34:52,496 +0530 [main] INFO  (MovieBookingSystemMenu.java:26) - Entering in getMenu() method .Application Entry point.
2018-05-28 09:35:17,531 +0530 [main] INFO  (StartApplication.java:17) - main() method started.
2018-05-28 09:35:17,539 +0530 [main] INFO  (MovieBookingSystemMenu.java:26) - Entering in getMenu() method .Application Entry point.
2018-05-28 09:40:34,557 +0530 [main] INFO  (StartApplication.java:17) - main() method started.
2018-05-28 09:40:34,573 +0530 [main] INFO  (StartApplication.java:17) - main() method started.
2018-05-28 09:40:35,030 +0530 [main] INFO  (MovieBookingSystemMenu.java:36) - Entering in getMenu() method .Application Entry point.
2018-05-28 09:40:35,030 +0530 [main] INFO  (MovieBookingSystemMenu.java:36) - Entering in getMenu() method .Application Entry point.
2018-05-28 09:42:05,824 +0530 [main] INFO  (StartApplication.java:17) - main() method started.
2018-05-28 09:42:05,838 +0530 [main] INFO  (MovieBookingSystemMenu.java:36) - Entering in getMenu() method .Application Entry point.
2018-05-28 09:43:18,034 +0530 [main] INFO  (StartApplication.java:17) - main() method started.
2018-05-28 09:43:18,045 +0530 [main] INFO  (MovieBookingSystemMenu.java:30) - Entering in getMenu() method .Application Entry point.
2018-05-28 09:43:31,911 +0530 [main] INFO  (ScreenServiceImpl.java:26) - Entered into addScreen method-ScreenServiceImpl
2018-05-28 09:43:31,912 +0530 [main] INFO  (ScreenServiceImpl.java:59) - checking for null screen-ScreenServiceImpl
2018-05-28 09:44:50,270 +0530 [main] INFO  (StartApplication.java:17) - main() method started.
2018-05-28 09:44:50,281 +0530 [main] INFO  (MovieBookingSystemMenu.java:30) - Entering in getMenu() method .Application Entry point.
2018-05-28 09:45:32,913 +0530 [main] INFO  (StartApplication.java:17) - main() method started.
2018-05-28 09:45:32,925 +0530 [main] INFO  (MovieBookingSystemMenu.java:30) - Entering in getMenu() method .Application Entry point.
2018-05-28 09:45:41,618 +0530 [main] INFO  (ScreenServiceImpl.java:26) - Entered into addScreen method-ScreenServiceImpl
2018-05-28 09:45:41,619 +0530 [main] INFO  (ScreenServiceImpl.java:59) - checking for null screen-ScreenServiceImpl
2018-05-28 09:45:56,645 +0530 [main] INFO  (StartApplication.java:17) - main() method started.
2018-05-28 09:45:56,656 +0530 [main] INFO  (MovieBookingSystemMenu.java:30) - Entering in getMenu() method .Application Entry point.
2018-05-28 09:46:15,332 +0530 [main] INFO  (ScreenServiceImpl.java:26) - Entered into addScreen method-ScreenServiceImpl
2018-05-28 09:46:15,332 +0530 [main] INFO  (ScreenServiceImpl.java:59) - checking for null screen-ScreenServiceImpl
2018-05-28 12:11:29,238 +0530 [main] INFO  (ScreenServiceImpl.java:26) - Entered into addScreen method-ScreenServiceImpl
2018-05-28 12:11:29,241 +0530 [main] INFO  (ScreenServiceImpl.java:59) - checking for null screen-ScreenServiceImpl
2018-05-28 12:11:29,270 +0530 [main] INFO  (ScreenServiceImpl.java:26) - Entered into addScreen method-ScreenServiceImpl
2018-05-28 12:11:29,270 +0530 [main] INFO  (ScreenServiceImpl.java:59) - checking for null screen-ScreenServiceImpl
2018-05-28 12:11:29,270 +0530 [main] INFO  (ScreenServiceImpl.java:53) - checking for empty screen-ScreenServiceImpl
2018-05-28 12:11:29,271 +0530 [main] INFO  (ScreenServiceImpl.java:26) - Entered into addScreen method-ScreenServiceImpl
2018-05-28 12:11:29,271 +0530 [main] INFO  (ScreenServiceImpl.java:59) - checking for null screen-ScreenServiceImpl
2018-05-28 12:11:29,273 +0530 [main] INFO  (ScreenServiceImpl.java:26) - Entered into addScreen method-ScreenServiceImpl
2018-05-28 12:11:29,273 +0530 [main] INFO  (ScreenServiceImpl.java:59) - checking for null screen-ScreenServiceImpl
2018-05-28 12:11:29,273 +0530 [main] INFO  (ScreenServiceImpl.java:33) - Exiting into addScreen method-ScreenServiceImpl
2018-05-28 12:11:29,274 +0530 [main] INFO  (ScreenServiceImpl.java:26) - Entered into addScreen method-ScreenServiceImpl
2018-05-28 12:11:29,274 +0530 [main] INFO  (ScreenServiceImpl.java:59) - checking for null screen-ScreenServiceImpl
2018-05-28 12:11:29,279 +0530 [main] INFO  (MovieServiceImpl.java:25) - Entered into addMovie method-MovieServiceImpl
2018-05-28 12:11:29,279 +0530 [main] INFO  (MovieServiceImpl.java:36) - Fields as Movie title ,duration,production and screen name cannot be left empty.
2018-05-28 12:11:29,279 +0530 [main] INFO  (MovieServiceImpl.java:25) - Entered into addMovie method-MovieServiceImpl
2018-05-28 12:11:29,280 +0530 [main] INFO  (MovieServiceImpl.java:36) - Fields as Movie title ,duration,production and screen name cannot be left empty.
2018-05-28 12:11:29,281 +0530 [main] INFO  (MovieServiceImpl.java:25) - Entered into addMovie method-MovieServiceImpl
2018-05-28 12:11:29,281 +0530 [main] INFO  (MovieServiceImpl.java:28) - Exit from addMovie method-MovieServiceImpl
2018-05-28 12:11:29,282 +0530 [main] INFO  (MovieServiceImpl.java:25) - Entered into addMovie method-MovieServiceImpl
2018-05-28 12:11:29,282 +0530 [main] INFO  (MovieServiceImpl.java:43) - checking for Movie object cannot be null.
2018-05-28 12:11:29,326 +0530 [main] INFO  (ScreenDAOImpl.java:23) - ScreenDAOImpl constructor Initilaizing
2018-05-28 12:11:29,326 +0530 [main] INFO  (ScreenDAOImpl.java:28) - Entered in getScreenByName Method
2018-05-28 12:11:29,535 +0530 [main] INFO  (ScreenDAOImpl.java:23) - ScreenDAOImpl constructor Initilaizing
2018-05-28 12:11:43,188 +0530 [main] INFO  (ScreenServiceImpl.java:26) - Entered into addScreen method-ScreenServiceImpl
2018-05-28 12:11:43,190 +0530 [main] INFO  (ScreenServiceImpl.java:59) - checking for null screen-ScreenServiceImpl
2018-05-28 12:11:43,194 +0530 [main] INFO  (ScreenServiceImpl.java:26) - Entered into addScreen method-ScreenServiceImpl
2018-05-28 12:11:43,194 +0530 [main] INFO  (ScreenServiceImpl.java:59) - checking for null screen-ScreenServiceImpl
2018-05-28 12:11:43,194 +0530 [main] INFO  (ScreenServiceImpl.java:53) - checking for empty screen-ScreenServiceImpl
2018-05-28 12:11:43,195 +0530 [main] INFO  (ScreenServiceImpl.java:26) - Entered into addScreen method-ScreenServiceImpl
2018-05-28 12:11:43,195 +0530 [main] INFO  (ScreenServiceImpl.java:59) - checking for null screen-ScreenServiceImpl
2018-05-28 12:11:43,197 +0530 [main] INFO  (ScreenServiceImpl.java:26) - Entered into addScreen method-ScreenServiceImpl
2018-05-28 12:11:43,198 +0530 [main] INFO  (ScreenServiceImpl.java:59) - checking for null screen-ScreenServiceImpl
2018-05-28 12:11:43,198 +0530 [main] INFO  (ScreenServiceImpl.java:33) - Exiting into addScreen method-ScreenServiceImpl
2018-05-28 12:11:43,199 +0530 [main] INFO  (ScreenServiceImpl.java:26) - Entered into addScreen method-ScreenServiceImpl
2018-05-28 12:11:43,199 +0530 [main] INFO  (ScreenServiceImpl.java:59) - checking for null screen-ScreenServiceImpl
2018-05-28 12:11:43,204 +0530 [main] INFO  (MovieServiceImpl.java:25) - Entered into addMovie method-MovieServiceImpl
2018-05-28 12:11:43,204 +0530 [main] INFO  (MovieServiceImpl.java:36) - Fields as Movie title ,duration,production and screen name cannot be left empty.
2018-05-28 12:11:43,205 +0530 [main] INFO  (MovieServiceImpl.java:25) - Entered into addMovie method-MovieServiceImpl
2018-05-28 12:11:43,205 +0530 [main] INFO  (MovieServiceImpl.java:36) - Fields as Movie title ,duration,production and screen name cannot be left empty.
2018-05-28 12:11:43,207 +0530 [main] INFO  (MovieServiceImpl.java:25) - Entered into addMovie method-MovieServiceImpl
2018-05-28 12:11:43,207 +0530 [main] INFO  (MovieServiceImpl.java:28) - Exit from addMovie method-MovieServiceImpl
2018-05-28 12:11:43,207 +0530 [main] INFO  (MovieServiceImpl.java:25) - Entered into addMovie method-MovieServiceImpl
2018-05-28 12:11:43,208 +0530 [main] INFO  (MovieServiceImpl.java:43) - checking for Movie object cannot be null.
2018-05-28 12:11:43,213 +0530 [main] INFO  (ScreenDAOImpl.java:23) - ScreenDAOImpl constructor Initilaizing
2018-05-28 12:12:50,376 +0530 [main] INFO  (StartApplication.java:17) - main() method started.
2018-05-28 12:12:50,388 +0530 [main] INFO  (MovieBookingSystemMenu.java:36) - Entering in getMenu() method .Application Entry point.
2018-05-28 12:13:03,887 +0530 [main] INFO  (ScreenServiceImpl.java:26) - Entered into addScreen method-ScreenServiceImpl
2018-05-28 12:13:03,887 +0530 [main] INFO  (ScreenServiceImpl.java:59) - checking for null screen-ScreenServiceImpl
2018-05-28 12:16:08,087 +0530 [main] INFO  (StartApplication.java:17) - main() method started.
2018-05-28 12:16:08,098 +0530 [main] INFO  (MovieBookingSystemMenu.java:36) - Entering in getMenu() method .Application Entry point.
2018-05-28 12:29:58,034 +0530 [main] INFO  (ScreenServiceImpl.java:26) - Entered into addScreen method-ScreenServiceImpl
2018-05-28 12:29:58,036 +0530 [main] INFO  (ScreenServiceImpl.java:59) - checking for null screen-ScreenServiceImpl
2018-05-28 12:29:58,040 +0530 [main] INFO  (ScreenServiceImpl.java:26) - Entered into addScreen method-ScreenServiceImpl
2018-05-28 12:29:58,040 +0530 [main] INFO  (ScreenServiceImpl.java:59) - checking for null screen-ScreenServiceImpl
2018-05-28 12:29:58,040 +0530 [main] INFO  (ScreenServiceImpl.java:53) - checking for empty screen-ScreenServiceImpl
2018-05-28 12:29:58,041 +0530 [main] INFO  (ScreenServiceImpl.java:26) - Entered into addScreen method-ScreenServiceImpl
2018-05-28 12:29:58,041 +0530 [main] INFO  (ScreenServiceImpl.java:59) - checking for null screen-ScreenServiceImpl
2018-05-28 12:29:58,044 +0530 [main] INFO  (ScreenServiceImpl.java:26) - Entered into addScreen method-ScreenServiceImpl
2018-05-28 12:29:58,044 +0530 [main] INFO  (ScreenServiceImpl.java:59) - checking for null screen-ScreenServiceImpl
2018-05-28 12:29:58,044 +0530 [main] INFO  (ScreenServiceImpl.java:33) - Exiting into addScreen method-ScreenServiceImpl
2018-05-28 12:29:58,045 +0530 [main] INFO  (ScreenServiceImpl.java:26) - Entered into addScreen method-ScreenServiceImpl
2018-05-28 12:29:58,045 +0530 [main] INFO  (ScreenServiceImpl.java:59) - checking for null screen-ScreenServiceImpl
2018-05-28 12:37:40,088 +0530 [main] INFO  (StartApplication.java:17) - main() method started.
2018-05-28 12:37:40,099 +0530 [main] INFO  (MovieBookingSystemMenu.java:31) - Entering in getMenu() method .Application Entry point.
2018-05-28 12:37:53,018 +0530 [main] INFO  (ScreenServiceImpl.java:25) - Entered into addScreen method-ScreenServiceImpl
2018-05-28 12:37:53,018 +0530 [main] INFO  (ScreenServiceImpl.java:58) - checking for null screen-ScreenServiceImpl
2018-05-28 13:00:51,656 +0530 [main] INFO  (ScreenDAOImpl.java:23) - ScreenDAOImpl constructor Initilaizing
2018-05-28 13:06:30,477 +0530 [main] INFO  (ScreenServiceImpl.java:26) - Entered into addScreen method-ScreenServiceImpl
2018-05-28 13:06:30,479 +0530 [main] INFO  (ScreenServiceImpl.java:59) - checking for null screen-ScreenServiceImpl
2018-05-28 13:06:30,481 +0530 [main] INFO  (ScreenServiceImpl.java:33) - Exiting into addScreen method-ScreenServiceImpl
2018-05-28 13:12:07,291 +0530 [main] INFO  (ScreenServiceImpl.java:26) - Entered into addScreen method-ScreenServiceImpl
2018-05-28 13:12:07,293 +0530 [main] INFO  (ScreenServiceImpl.java:59) - checking for null screen-ScreenServiceImpl
2018-05-28 13:12:07,295 +0530 [main] INFO  (ScreenServiceImpl.java:33) - Exiting into addScreen method-ScreenServiceImpl
2018-05-28 13:21:49,267 +0530 [main] INFO  (ScreenServiceImpl.java:26) - Entered into addScreen method-ScreenServiceImpl
2018-05-28 13:21:49,269 +0530 [main] INFO  (ScreenServiceImpl.java:59) - checking for null screen-ScreenServiceImpl
2018-05-28 13:21:49,271 +0530 [main] INFO  (ScreenServiceImpl.java:33) - Exiting into addScreen method-ScreenServiceImpl
2018-05-28 13:21:49,273 +0530 [main] INFO  (ScreenServiceImpl.java:26) - Entered into addScreen method-ScreenServiceImpl
2018-05-28 13:21:49,273 +0530 [main] INFO  (ScreenServiceImpl.java:59) - checking for null screen-ScreenServiceImpl
2018-05-28 13:21:49,275 +0530 [main] INFO  (ScreenServiceImpl.java:26) - Entered into addScreen method-ScreenServiceImpl
2018-05-28 13:21:49,275 +0530 [main] INFO  (ScreenServiceImpl.java:59) - checking for null screen-ScreenServiceImpl
2018-05-28 13:21:49,275 +0530 [main] INFO  (ScreenServiceImpl.java:53) - checking for empty screen-ScreenServiceImpl
2018-05-28 13:21:49,276 +0530 [main] INFO  (ScreenServiceImpl.java:26) - Entered into addScreen method-ScreenServiceImpl
2018-05-28 13:21:49,276 +0530 [main] INFO  (ScreenServiceImpl.java:59) - checking for null screen-ScreenServiceImpl
2018-05-28 13:21:49,277 +0530 [main] INFO  (ScreenServiceImpl.java:26) - Entered into addScreen method-ScreenServiceImpl
2018-05-28 13:21:49,277 +0530 [main] INFO  (ScreenServiceImpl.java:59) - checking for null screen-ScreenServiceImpl
2018-05-28 13:21:49,282 +0530 [main] INFO  (MovieServiceImpl.java:25) - Entered into addMovie method-MovieServiceImpl
2018-05-28 13:21:49,282 +0530 [main] INFO  (MovieServiceImpl.java:36) - Fields as Movie title ,duration,production and screen name cannot be left empty.
2018-05-28 13:21:49,283 +0530 [main] INFO  (MovieServiceImpl.java:25) - Entered into addMovie method-MovieServiceImpl
2018-05-28 13:21:49,283 +0530 [main] INFO  (MovieServiceImpl.java:36) - Fields as Movie title ,duration,production and screen name cannot be left empty.
2018-05-28 13:21:49,285 +0530 [main] INFO  (MovieServiceImpl.java:25) - Entered into addMovie method-MovieServiceImpl
2018-05-28 13:21:49,285 +0530 [main] INFO  (MovieServiceImpl.java:28) - Exit from addMovie method-MovieServiceImpl
2018-05-28 13:21:49,285 +0530 [main] INFO  (MovieServiceImpl.java:25) - Entered into addMovie method-MovieServiceImpl
2018-05-28 13:21:49,286 +0530 [main] INFO  (MovieServiceImpl.java:43) - checking for Movie object cannot be null.
2018-05-28 13:21:49,291 +0530 [main] INFO  (ScreenDAOImpl.java:23) - ScreenDAOImpl constructor Initilaizing
2018-05-28 14:55:56,521 +0530 [main] INFO  (StartApplication.java:17) - main() method started.
2018-05-28 14:55:56,531 +0530 [main] INFO  (MovieBookingSystemMenu.java:31) - Entering in getMenu() method .Application Entry point.
2018-05-28 14:56:23,073 +0530 [main] INFO  (StartApplication.java:17) - main() method started.
2018-05-28 14:56:23,083 +0530 [main] INFO  (MovieBookingSystemMenu.java:31) - Entering in getMenu() method .Application Entry point.
2018-05-28 14:56:47,918 +0530 [main] INFO  (ScreenServiceImpl.java:26) - Entered into addScreen method-ScreenServiceImpl
2018-05-28 14:56:47,918 +0530 [main] INFO  (ScreenServiceImpl.java:59) - checking for null screen-ScreenServiceImpl
2018-05-28 14:58:30,707 +0530 [main] INFO  (StartApplication.java:17) - main() method started.
2018-05-28 14:58:30,719 +0530 [main] INFO  (MovieBookingSystemMenu.java:31) - Entering in getMenu() method .Application Entry point.
2018-05-28 14:58:36,401 +0530 [main] INFO  (StartApplication.java:17) - main() method started.
2018-05-28 14:58:36,411 +0530 [main] INFO  (MovieBookingSystemMenu.java:31) - Entering in getMenu() method .Application Entry point.
2018-05-28 14:58:47,005 +0530 [main] INFO  (StartApplication.java:17) - main() method started.
2018-05-28 14:58:47,015 +0530 [main] INFO  (MovieBookingSystemMenu.java:31) - Entering in getMenu() method .Application Entry point.
2018-05-28 14:58:56,745 +0530 [main] INFO  (ScreenServiceImpl.java:26) - Entered into addScreen method-ScreenServiceImpl
2018-05-28 14:58:56,746 +0530 [main] INFO  (ScreenServiceImpl.java:59) - checking for null screen-ScreenServiceImpl
2018-05-28 15:01:06,953 +0530 [main] INFO  (StartApplication.java:17) - main() method started.
2018-05-28 15:01:10,878 +0530 [main] INFO  (MovieBookingSystemMenu.java:31) - Entering in getMenu() method .Application Entry point.
2018-05-28 15:02:21,115 +0530 [main] INFO  (ScreenServiceImpl.java:26) - Entered into addScreen method-ScreenServiceImpl
2018-05-28 15:02:25,009 +0530 [main] INFO  (ScreenServiceImpl.java:59) - checking for null screen-ScreenServiceImpl
2018-05-28 15:04:33,572 +0530 [main] INFO  (StartApplication.java:17) - main() method started.
2018-05-28 15:04:37,690 +0530 [main] INFO  (MovieBookingSystemMenu.java:31) - Entering in getMenu() method .Application Entry point.
2018-05-28 15:05:10,625 +0530 [main] INFO  (ScreenServiceImpl.java:26) - Entered into addScreen method-ScreenServiceImpl
2018-05-28 15:05:13,821 +0530 [main] INFO  (ScreenServiceImpl.java:59) - checking for null screen-ScreenServiceImpl
2018-05-28 15:05:48,112 +0530 [main] INFO  (StartApplication.java:17) - main() method started.
2018-05-28 15:05:49,717 +0530 [main] INFO  (MovieBookingSystemMenu.java:31) - Entering in getMenu() method .Application Entry point.
2018-05-28 15:06:47,499 +0530 [main] INFO  (ScreenServiceImpl.java:26) - Entered into addScreen method-ScreenServiceImpl
2018-05-28 15:06:49,690 +0530 [main] INFO  (ScreenServiceImpl.java:59) - checking for null screen-ScreenServiceImpl
2018-05-28 15:08:14,156 +0530 [main] INFO  (StartApplication.java:17) - main() method started.
2018-05-28 15:08:15,925 +0530 [main] INFO  (MovieBookingSystemMenu.java:31) - Entering in getMenu() method .Application Entry point.
2018-05-28 15:08:48,533 +0530 [main] INFO  (ScreenServiceImpl.java:26) - Entered into addScreen method-ScreenServiceImpl
2018-05-28 15:08:50,203 +0530 [main] INFO  (ScreenServiceImpl.java:59) - checking for null screen-ScreenServiceImpl
2018-05-28 15:09:38,457 +0530 [main] INFO  (StartApplication.java:17) - main() method started.
2018-05-28 15:09:38,469 +0530 [main] INFO  (MovieBookingSystemMenu.java:31) - Entering in getMenu() method .Application Entry point.
2018-05-28 15:09:49,607 +0530 [main] INFO  (ScreenServiceImpl.java:26) - Entered into addScreen method-ScreenServiceImpl
2018-05-28 15:09:49,607 +0530 [main] INFO  (ScreenServiceImpl.java:59) - checking for null screen-ScreenServiceImpl
2018-05-28 15:10:32,831 +0530 [main] INFO  (StartApplication.java:17) - main() method started.
2018-05-28 15:10:32,842 +0530 [main] INFO  (MovieBookingSystemMenu.java:31) - Entering in getMenu() method .Application Entry point.
2018-05-28 15:10:39,065 +0530 [main] INFO  (ScreenServiceImpl.java:26) - Entered into addScreen method-ScreenServiceImpl
2018-05-28 15:13:40,796 +0530 [main] INFO  (StartApplication.java:17) - main() method started.
2018-05-28 15:13:40,806 +0530 [main] INFO  (MovieBookingSystemMenu.java:31) - Entering in getMenu() method .Application Entry point.
2018-05-28 15:13:52,031 +0530 [main] INFO  (ScreenServiceImpl.java:26) - Entered into addScreen method-ScreenServiceImpl
2018-05-28 15:14:06,853 +0530 [main] INFO  (StartApplication.java:17) - main() method started.
2018-05-28 15:14:06,865 +0530 [main] INFO  (MovieBookingSystemMenu.java:31) - Entering in getMenu() method .Application Entry point.
2018-05-28 15:14:15,998 +0530 [main] INFO  (ScreenServiceImpl.java:26) - Entered into addScreen method-ScreenServiceImpl
2018-05-28 15:14:15,998 +0530 [main] INFO  (ScreenServiceImpl.java:59) - checking for null screen-ScreenServiceImpl
2018-05-28 15:16:48,831 +0530 [main] INFO  (StartApplication.java:17) - main() method started.
2018-05-28 15:16:48,841 +0530 [main] INFO  (MovieBookingSystemMenu.java:31) - Entering in getMenu() method .Application Entry point.
2018-05-28 15:16:56,892 +0530 [main] INFO  (ScreenServiceImpl.java:26) - Entered into addScreen method-ScreenServiceImpl
2018-05-28 15:16:56,893 +0530 [main] INFO  (ScreenServiceImpl.java:59) - checking for null screen-ScreenServiceImpl
2018-05-28 15:17:27,626 +0530 [main] INFO  (StartApplication.java:17) - main() method started.
2018-05-28 15:17:27,635 +0530 [main] INFO  (MovieBookingSystemMenu.java:31) - Entering in getMenu() method .Application Entry point.
2018-05-28 15:17:37,066 +0530 [main] INFO  (ScreenServiceImpl.java:26) - Entered into addScreen method-ScreenServiceImpl
2018-05-28 15:18:45,753 +0530 [main] INFO  (StartApplication.java:17) - main() method started.
2018-05-28 15:18:47,447 +0530 [main] INFO  (MovieBookingSystemMenu.java:31) - Entering in getMenu() method .Application Entry point.
2018-05-28 15:19:06,690 +0530 [main] INFO  (ScreenServiceImpl.java:26) - Entered into addScreen method-ScreenServiceImpl
2018-05-28 15:19:06,690 +0530 [main] INFO  (ScreenServiceImpl.java:59) - checking for null screen-ScreenServiceImpl
2018-05-28 15:19:39,656 +0530 [main] INFO  (StartApplication.java:17) - main() method started.
2018-05-28 15:19:39,666 +0530 [main] INFO  (MovieBookingSystemMenu.java:31) - Entering in getMenu() method .Application Entry point.
2018-05-28 15:19:47,166 +0530 [main] INFO  (ScreenServiceImpl.java:26) - Entered into addScreen method-ScreenServiceImpl
2018-05-28 15:19:47,166 +0530 [main] INFO  (ScreenServiceImpl.java:59) - checking for null screen-ScreenServiceImpl
2018-05-28 15:20:48,233 +0530 [main] INFO  (StartApplication.java:17) - main() method started.
2018-05-28 15:20:49,625 +0530 [main] INFO  (MovieBookingSystemMenu.java:31) - Entering in getMenu() method .Application Entry point.
2018-05-28 15:21:15,306 +0530 [main] INFO  (ScreenServiceImpl.java:26) - Entered into addScreen method-ScreenServiceImpl
2018-05-28 15:21:15,308 +0530 [main] INFO  (ScreenServiceImpl.java:59) - checking for null screen-ScreenServiceImpl
2018-05-28 15:21:54,805 +0530 [main] INFO  (StartApplication.java:17) - main() method started.
2018-05-28 15:21:55,231 +0530 [main] INFO  (MovieBookingSystemMenu.java:31) - Entering in getMenu() method .Application Entry point.
2018-05-28 15:22:41,252 +0530 [main] INFO  (ScreenServiceImpl.java:26) - Entered into addScreen method-ScreenServiceImpl
2018-05-28 15:22:44,426 +0530 [main] INFO  (ScreenServiceImpl.java:59) - checking for null screen-ScreenServiceImpl
2018-05-28 15:23:23,624 +0530 [main] INFO  (StartApplication.java:17) - main() method started.
2018-05-28 15:23:25,064 +0530 [main] INFO  (MovieBookingSystemMenu.java:31) - Entering in getMenu() method .Application Entry point.
2018-05-28 15:24:49,171 +0530 [main] INFO  (ScreenServiceImpl.java:26) - Entered into addScreen method-ScreenServiceImpl
2018-05-28 15:24:52,613 +0530 [main] INFO  (ScreenServiceImpl.java:59) - checking for null screen-ScreenServiceImpl
2018-05-28 15:25:50,377 +0530 [main] INFO  (StartApplication.java:17) - main() method started.
2018-05-28 15:25:50,387 +0530 [main] INFO  (MovieBookingSystemMenu.java:31) - Entering in getMenu() method .Application Entry point.
2018-05-28 15:33:34,429 +0530 [main] INFO  (StartApplication.java:17) - main() method started.
2018-05-28 15:33:34,440 +0530 [main] INFO  (MovieBookingSystemMenu.java:38) - Entering in getMenu() method .Application Entry point.
2018-05-28 15:34:09,061 +0530 [main] INFO  (StartApplication.java:17) - main() method started.
2018-05-28 15:34:09,072 +0530 [main] INFO  (MovieBookingSystemMenu.java:38) - Entering in getMenu() method .Application Entry point.
2018-05-28 15:34:42,614 +0530 [main] INFO  (StartApplication.java:17) - main() method started.
2018-05-28 15:34:42,625 +0530 [main] INFO  (MovieBookingSystemMenu.java:38) - Entering in getMenu() method .Application Entry point.
2018-05-28 15:37:07,515 +0530 [main] INFO  (StartApplication.java:17) - main() method started.
2018-05-28 15:37:07,525 +0530 [main] INFO  (MovieBookingSystemMenu.java:38) - Entering in getMenu() method .Application Entry point.
2018-05-28 15:37:13,335 +0530 [main] INFO  (StartApplication.java:17) - main() method started.
2018-05-28 15:37:13,345 +0530 [main] INFO  (MovieBookingSystemMenu.java:38) - Entering in getMenu() method .Application Entry point.
2018-05-28 15:37:59,322 +0530 [main] INFO  (StartApplication.java:17) - main() method started.
2018-05-28 15:37:59,332 +0530 [main] INFO  (MovieBookingSystemMenu.java:38) - Entering in getMenu() method .Application Entry point.
2018-05-28 15:38:04,891 +0530 [main] INFO  (StartApplication.java:17) - main() method started.
2018-05-28 15:38:04,901 +0530 [main] INFO  (MovieBookingSystemMenu.java:38) - Entering in getMenu() method .Application Entry point.
2018-05-28 15:38:30,311 +0530 [main] INFO  (MovieServiceImpl.java:25) - Entered into addMovie method-MovieServiceImpl
2018-05-28 15:38:30,312 +0530 [main] INFO  (MovieServiceImpl.java:28) - Exit from addMovie method-MovieServiceImpl
2018-05-28 15:56:47,772 +0530 [main] INFO  (StartApplication.java:17) - main() method started.
2018-05-28 15:56:47,786 +0530 [main] INFO  (MovieBookingSystemMenu.java:40) - Entering in getMenu() method .Application Entry point.
2018-05-28 15:57:20,047 +0530 [main] INFO  (MovieServiceImpl.java:26) - Entered into addMovie method-MovieServiceImpl
2018-05-28 15:57:20,049 +0530 [main] INFO  (MovieServiceImpl.java:37) - Fields as Movie title ,duration,production and screen name cannot be left empty.
2018-05-28 15:57:20,051 +0530 [main] INFO  (MovieServiceImpl.java:26) - Entered into addMovie method-MovieServiceImpl
2018-05-28 15:57:20,051 +0530 [main] INFO  (MovieServiceImpl.java:37) - Fields as Movie title ,duration,production and screen name cannot be left empty.
2018-05-28 15:57:20,052 +0530 [main] INFO  (MovieServiceImpl.java:26) - Entered into addMovie method-MovieServiceImpl
2018-05-28 15:57:20,052 +0530 [main] INFO  (MovieServiceImpl.java:29) - Exit from addMovie method-MovieServiceImpl
2018-05-28 15:57:20,084 +0530 [main] INFO  (MovieServiceImpl.java:26) - Entered into addMovie method-MovieServiceImpl
2018-05-28 15:57:20,084 +0530 [main] INFO  (MovieServiceImpl.java:44) - checking for Movie object cannot be null.
2018-05-28 15:57:28,686 +0530 [main] INFO  (StartApplication.java:17) - main() method started.
2018-05-28 15:57:28,697 +0530 [main] INFO  (MovieBookingSystemMenu.java:40) - Entering in getMenu() method .Application Entry point.
2018-05-28 15:58:08,530 +0530 [main] INFO  (MovieServiceImpl.java:26) - Entered into addMovie method-MovieServiceImpl
2018-05-28 15:58:08,531 +0530 [main] INFO  (MovieServiceImpl.java:29) - Exit from addMovie method-MovieServiceImpl
2018-05-28 15:59:17,189 +0530 [main] INFO  (StartApplication.java:17) - main() method started.
2018-05-28 15:59:17,200 +0530 [main] INFO  (MovieBookingSystemMenu.java:40) - Entering in getMenu() method .Application Entry point.
2018-05-28 15:59:57,240 +0530 [main] INFO  (MovieServiceImpl.java:26) - Entered into addMovie method-MovieServiceImpl
2018-05-28 15:59:57,240 +0530 [main] INFO  (MovieServiceImpl.java:29) - Exit from addMovie method-MovieServiceImpl
2018-05-28 16:00:36,549 +0530 [main] INFO  (StartApplication.java:17) - main() method started.
2018-05-28 16:00:37,881 +0530 [main] INFO  (MovieBookingSystemMenu.java:40) - Entering in getMenu() method .Application Entry point.
2018-05-28 16:01:56,133 +0530 [main] INFO  (MovieServiceImpl.java:26) - Entered into addMovie method-MovieServiceImpl
2018-05-28 16:02:07,149 +0530 [main] INFO  (MovieServiceImpl.java:29) - Exit from addMovie method-MovieServiceImpl
2018-05-28 16:04:22,779 +0530 [main] INFO  (StartApplication.java:17) - main() method started.
2018-05-28 16:04:22,793 +0530 [main] INFO  (MovieBookingSystemMenu.java:40) - Entering in getMenu() method .Application Entry point.
2018-05-28 16:05:57,030 +0530 [main] INFO  (StartApplication.java:17) - main() method started.
2018-05-28 16:05:57,044 +0530 [main] INFO  (MovieBookingSystemMenu.java:40) - Entering in getMenu() method .Application Entry point.
2018-05-28 16:06:05,518 +0530 [main] INFO  (ScreenServiceImpl.java:26) - Entered into addScreen method-ScreenServiceImpl
2018-05-28 16:06:05,518 +0530 [main] INFO  (ScreenServiceImpl.java:59) - checking for null screen-ScreenServiceImpl
2018-05-28 16:06:11,943 +0530 [main] INFO  (StartApplication.java:17) - main() method started.
2018-05-28 16:06:11,954 +0530 [main] INFO  (MovieBookingSystemMenu.java:40) - Entering in getMenu() method .Application Entry point.
2018-05-28 16:06:43,409 +0530 [main] INFO  (MovieServiceImpl.java:26) - Entered into addMovie method-MovieServiceImpl
2018-05-28 16:06:43,410 +0530 [main] INFO  (MovieServiceImpl.java:29) - Exit from addMovie method-MovieServiceImpl
2018-05-28 16:07:29,794 +0530 [main] INFO  (StartApplication.java:17) - main() method started.
2018-05-28 16:07:29,804 +0530 [main] INFO  (MovieBookingSystemMenu.java:40) - Entering in getMenu() method .Application Entry point.
2018-05-28 16:07:48,600 +0530 [main] INFO  (MovieServiceImpl.java:26) - Entered into addMovie method-MovieServiceImpl
2018-05-28 16:07:48,600 +0530 [main] INFO  (MovieServiceImpl.java:29) - Exit from addMovie method-MovieServiceImpl
2018-05-28 16:08:44,000 +0530 [main] INFO  (StartApplication.java:17) - main() method started.
2018-05-28 16:08:44,011 +0530 [main] INFO  (MovieBookingSystemMenu.java:40) - Entering in getMenu() method .Application Entry point.
2018-05-28 16:09:11,329 +0530 [main] INFO  (MovieServiceImpl.java:26) - Entered into addMovie method-MovieServiceImpl
2018-05-28 16:09:11,330 +0530 [main] INFO  (MovieServiceImpl.java:29) - Exit from addMovie method-MovieServiceImpl
2018-05-28 16:09:33,665 +0530 [main] INFO  (StartApplication.java:17) - main() method started.
2018-05-28 16:09:33,675 +0530 [main] INFO  (MovieBookingSystemMenu.java:40) - Entering in getMenu() method .Application Entry point.
2018-05-28 16:11:22,050 +0530 [main] INFO  (MovieServiceImpl.java:26) - Entered into addMovie method-MovieServiceImpl
2018-05-28 16:11:22,050 +0530 [main] INFO  (MovieServiceImpl.java:29) - Exit from addMovie method-MovieServiceImpl
2018-05-28 16:13:44,439 +0530 [main] INFO  (StartApplication.java:17) - main() method started.
2018-05-28 16:13:44,454 +0530 [main] INFO  (MovieBookingSystemMenu.java:43) - Entering in getMenu() method .Application Entry point.
2018-05-28 16:14:08,936 +0530 [main] INFO  (MovieServiceImpl.java:26) - Entered into addMovie method-MovieServiceImpl
2018-05-28 16:14:08,937 +0530 [main] INFO  (MovieServiceImpl.java:29) - Exit from addMovie method-MovieServiceImpl 
2018-05-28 16:16:48,816 +0530 [main] INFO  (StartApplication.java:17) - main() method started.
2018-05-28 16:16:48,830 +0530 [main] INFO  (MovieBookingSystemMenu.java:43) - Entering in getMenu() method .Application Entry point.
2018-05-28 16:16:59,807 +0530 [main] INFO  (StartApplication.java:17) - main() method started.
2018-05-28 16:16:59,822 +0530 [main] INFO  (MovieBookingSystemMenu.java:43) - Entering in getMenu() method .Application Entry point.
2018-05-28 16:17:26,255 +0530 [main] INFO  (MovieServiceImpl.java:26) - Entered into addMovie method-MovieServiceImpl
2018-05-28 16:17:26,256 +0530 [main] INFO  (MovieServiceImpl.java:29) - Exit from addMovie method-MovieServiceImpl 
2018-05-28 16:33:58,097 +0530 [main] INFO  (StartApplication.java:17) - main() method started.
2018-05-28 16:33:58,115 +0530 [main] INFO  (MovieBookingSystemMenu.java:43) - Entering in getMenu() method .Application Entry point.
2018-05-28 16:34:29,403 +0530 [main] INFO  (StartApplication.java:17) - main() method started.
2018-05-28 16:34:29,416 +0530 [main] INFO  (MovieBookingSystemMenu.java:43) - Entering in getMenu() method .Application Entry point.
2018-05-28 16:36:22,422 +0530 [main] INFO  (StartApplication.java:17) - main() method started.
2018-05-28 16:36:22,439 +0530 [main] INFO  (MovieBookingSystemMenu.java:43) - Entering in getMenu() method .Application Entry point.
2018-05-28 16:41:17,433 +0530 [main] INFO  (StartApplication.java:17) - main() method started.
2018-05-28 16:41:17,449 +0530 [main] INFO  (MovieBookingSystemMenu.java:43) - Entering in getMenu() method .Application Entry point.
2018-05-28 16:41:41,317 +0530 [main] INFO  (MovieServiceImpl.java:26) - Entered into addMovie method-MovieServiceImpl
2018-05-28 16:41:41,317 +0530 [main] INFO  (MovieServiceImpl.java:29) - Exit from addMovie method-MovieServiceImpl 
2018-05-28 16:43:03,438 +0530 [main] INFO  (StartApplication.java:17) - main() method started.
2018-05-28 16:43:03,452 +0530 [main] INFO  (MovieBookingSystemMenu.java:43) - Entering in getMenu() method .Application Entry point.
2018-05-28 16:43:12,293 +0530 [main] INFO  (ScreenServiceImpl.java:26) - Entered into addScreen method-ScreenServiceImpl
2018-05-28 16:43:12,294 +0530 [main] INFO  (ScreenServiceImpl.java:59) - checking for null screen-ScreenServiceImpl
